[1203/160510.307:ERROR:directory_reader_win.cc(43)] FindFirstFile: The system cannot find the path specified. (0x3)
[1203/160657.569:ERROR:directory_reader_win.cc(43)] FindFirstFile: The system cannot find the path specified. (0x3)
[1203/160657.585:ERROR:prune_crash_reports.cc(36)] PruneCrashReportDatabase: Failed to get pending reports
[1203/160714.183:ERROR:directory_reader_win.cc(43)] FindFirstFile: The system cannot find the path specified. (0x3)
[1203/160714.192:ERROR:prune_crash_reports.cc(36)] PruneCrashReportDatabase: Failed to get pending reports
[1203/161520.733:ERROR:directory_reader_win.cc(43)] FindFirstFile: The system cannot find the path specified. (0x3)
[1203/161520.745:ERROR:prune_crash_reports.cc(36)] PruneCrashReportDatabase: Failed to get pending reports
[1203/162141.655:ERROR:directory_reader_win.cc(43)] FindFirstFile: The system cannot find the path specified. (0x3)
[1203/162141.667:ERROR:prune_crash_reports.cc(36)] PruneCrashReportDatabase: Failed to get pending reports
[1204/165839.153:ERROR:file_io_win.cc(162)] CreateFile C:\Users\ATKABL~1\AppData\Local\Temp\scoped_dir25720_688982597\Crashpad\settings.dat: The system cannot find the path specified. (0x3)
[1204/165839.160:ERROR:file_io_win.cc(171)] CreateFile C:\Users\ATKABL~1\AppData\Local\Temp\scoped_dir25720_688982597\Crashpad\reports\e856aede-2d06-4033-829f-3eb72e1e5423.dmp: The system cannot find the path specified. (0x3)
[1204/165839.160:ERROR:crash_report_exception_handler.cc(99)] PrepareNewCrashReport failed
[1209/235720.903:ERROR:directory_reader_win.cc(43)] FindFirstFile: The system cannot find the path specified. (0x3)
[1210/103955.606:ERROR:directory_reader_win.cc(43)] FindFirstFile: The system cannot find the path specified. (0x3)
[1210/141027.296:ERROR:directory_reader_win.cc(43)] FindFirstFile: The system cannot find the path specified. (0x3)
[1210/145813.273:ERROR:directory_reader_win.cc(43)] FindFirstFile: The system cannot find the path specified. (0x3)
[1210/200622.472:ERROR:directory_reader_win.cc(43)] FindFirstFile: The system cannot find the path specified. (0x3)
[1210/204625.607:ERROR:directory_reader_win.cc(43)] FindFirstFile: The system cannot find the path specified. (0x3)
[1210/213004.701:ERROR:directory_reader_win.cc(43)] FindFirstFile: The system cannot find the path specified. (0x3)
[1210/213102.892:ERROR:directory_reader_win.cc(43)] FindFirstFile: The system cannot find the path specified. (0x3)
[1210/214222.636:ERROR:directory_reader_win.cc(43)] FindFirstFile: The system cannot find the path specified. (0x3)
[1210/215734.463:ERROR:directory_reader_win.cc(43)] FindFirstFile: The system cannot find the path specified. (0x3)
[1211/003125.647:ERROR:directory_reader_win.cc(43)] FindFirstFile: The system cannot find the path specified. (0x3)
[1211/003125.659:ERROR:prune_crash_reports.cc(36)] PruneCrashReportDatabase: Failed to get pending reports
[1211/003254.777:ERROR:directory_reader_win.cc(43)] FindFirstFile: The system cannot find the path specified. (0x3)
[1211/003254.791:ERROR:prune_crash_reports.cc(36)] PruneCrashReportDatabase: Failed to get pending reports
[1211/003502.855:ERROR:directory_reader_win.cc(43)] FindFirstFile: The system cannot find the path specified. (0x3)
[1211/003502.870:ERROR:prune_crash_reports.cc(36)] PruneCrashReportDatabase: Failed to get pending reports
[1211/010608.742:ERROR:directory_reader_win.cc(43)] FindFirstFile: The system cannot find the path specified. (0x3)
